<?xml version="1.0" encoding="UTF-8"?>
<!-- Generated by org.testng.reporters.JUnitXMLReporter -->
<testsuite ignored="0" hostname="SEZLAP-7532" failures="0" tests="3" name="Test" time="23.622" errors="0" timestamp="2024-05-27T14:00:15 IST">
  <testcase classname="com.svm.testscript.LoginTest" name="VerifyLogin" time="2.627"/>
  <testcase classname="com.svm.testscript.LoginTest" name="VerifyLogoimageavailabilityonLoginPage" time="0.034"/>
  <testcase classname="com.svm.testscript.LoginTest" name="VerifyvalidationmessagewithinvalidusernameandPassword" time="1.532"/>
</testsuite> <!-- Test -->
