<?xml version="1.0" encoding="UTF-8"?>
<testng-results ignored="0" total="3" passed="3" failed="0" skipped="0">
  <reporter-output>
  </reporter-output>
  <suite started-at="2024-05-27T14:27:44 IST" name="Suite" finished-at="2024-05-27T14:28:10 IST" duration-ms="25917">
    <groups>
    </groups>
    <test started-at="2024-05-27T14:27:44 IST" name="Test" finished-at="2024-05-27T14:28:10 IST" duration-ms="25917">
      <class name="com.svm.testscript.LoginTest">
        <test-method is-config="true" signature="driverinitilization()[pri:0, instance:com.svm.testscript.LoginTest@302a07d]" started-at="2024-05-27T14:27:44 IST" name="driverinitilization" finished-at="2024-05-27T14:27:53 IST" duration-ms="8595" status="PASS">
          <reporter-output>
          </reporter-output>
        </test-method> <!-- driverinitilization -->
        <test-method signature="VerifyLogin()[pri:0, instance:com.svm.testscript.LoginTest@302a07d]" started-at="2024-05-27T14:27:53 IST" name="VerifyLogin" finished-at="2024-05-27T14:27:56 IST" duration-ms="2905" status="PASS">
          <reporter-output>
          </reporter-output>
        </test-method> <!-- VerifyLogin -->
        <test-method is-config="true" signature="driverclose()[pri:0, instance:com.svm.testscript.LoginTest@302a07d]" started-at="2024-05-27T14:27:56 IST" name="driverclose" finished-at="2024-05-27T14:27:56 IST" duration-ms="323" status="PASS">
          <reporter-output>
          </reporter-output>
        </test-method> <!-- driverclose -->
        <test-method is-config="true" signature="driverinitilization()[pri:0, instance:com.svm.testscript.LoginTest@302a07d]" started-at="2024-05-27T14:27:56 IST" name="driverinitilization" finished-at="2024-05-27T14:28:02 IST" duration-ms="5976" status="PASS">
          <reporter-output>
          </reporter-output>
        </test-method> <!-- driverinitilization -->
        <test-method signature="VerifyLogoimageavailabilityonLoginPage()[pri:0, instance:com.svm.testscript.LoginTest@302a07d]" started-at="2024-05-27T14:28:02 IST" name="VerifyLogoimageavailabilityonLoginPage" finished-at="2024-05-27T14:28:02 IST" duration-ms="37" status="PASS">
          <reporter-output>
          </reporter-output>
        </test-method> <!-- VerifyLogoimageavailabilityonLoginPage -->
        <test-method is-config="true" signature="driverclose()[pri:0, instance:com.svm.testscript.LoginTest@302a07d]" started-at="2024-05-27T14:28:02 IST" name="driverclose" finished-at="2024-05-27T14:28:02 IST" duration-ms="299" status="PASS">
          <reporter-output>
          </reporter-output>
        </test-method> <!-- driverclose -->
        <test-method is-config="true" signature="driverinitilization()[pri:0, instance:com.svm.testscript.LoginTest@302a07d]" started-at="2024-05-27T14:28:02 IST" name="driverinitilization" finished-at="2024-05-27T14:28:08 IST" duration-ms="6026" status="PASS">
          <reporter-output>
          </reporter-output>
        </test-method> <!-- driverinitilization -->
        <test-method signature="VerifyvalidationmessagewithinvalidusernameandPassword()[pri:0, instance:com.svm.testscript.LoginTest@302a07d]" started-at="2024-05-27T14:28:08 IST" name="VerifyvalidationmessagewithinvalidusernameandPassword" finished-at="2024-05-27T14:28:09 IST" duration-ms="1273" status="PASS">
          <reporter-output>
          </reporter-output>
        </test-method> <!-- VerifyvalidationmessagewithinvalidusernameandPassword -->
        <test-method is-config="true" signature="driverclose()[pri:0, instance:com.svm.testscript.LoginTest@302a07d]" started-at="2024-05-27T14:28:09 IST" name="driverclose" finished-at="2024-05-27T14:28:10 IST" duration-ms="315" status="PASS">
          <reporter-output>
          </reporter-output>
        </test-method> <!-- driverclose -->
        <test-method is-config="true" signature="SendEmail()[pri:0, instance:com.svm.testscript.LoginTest@302a07d]" started-at="2024-05-27T14:28:10 IST" name="SendEmail" finished-at="2024-05-27T14:28:10 IST" duration-ms="1" status="PASS">
          <reporter-output>
          </reporter-output>
        </test-method> <!-- SendEmail -->
      </class> <!-- com.svm.testscript.LoginTest -->
    </test> <!-- Test -->
  </suite> <!-- Suite -->
</testng-results>
