<?xml version="1.0" encoding="UTF-8"?>
<testng-results ignored="0" total="3" passed="3" failed="0" skipped="0">
  <reporter-output>
  </reporter-output>
  <suite started-at="2024-05-27T13:59:51 IST" name="Suite" finished-at="2024-05-27T14:00:15 IST" duration-ms="23622">
    <groups>
    </groups>
    <test started-at="2024-05-27T13:59:51 IST" name="Test" finished-at="2024-05-27T14:00:15 IST" duration-ms="23622">
      <class name="com.svm.testscript.LoginTest">
        <test-method is-config="true" signature="driverinitilization()[pri:0, instance:com.svm.testscript.LoginTest@302a07d]" started-at="2024-05-27T13:59:52 IST" name="driverinitilization" finished-at="2024-05-27T13:59:58 IST" duration-ms="6884" status="PASS">
          <reporter-output>
          </reporter-output>
        </test-method> <!-- driverinitilization -->
        <test-method signature="VerifyLogin()[pri:0, instance:com.svm.testscript.LoginTest@302a07d]" started-at="2024-05-27T13:59:58 IST" name="VerifyLogin" finished-at="2024-05-27T14:00:01 IST" duration-ms="2627" status="PASS">
          <reporter-output>
          </reporter-output>
        </test-method> <!-- VerifyLogin -->
        <test-method is-config="true" signature="driverclose()[pri:0, instance:com.svm.testscript.LoginTest@302a07d]" started-at="2024-05-27T14:00:01 IST" name="driverclose" finished-at="2024-05-27T14:00:01 IST" duration-ms="335" status="PASS">
          <reporter-output>
          </reporter-output>
        </test-method> <!-- driverclose -->
        <test-method is-config="true" signature="driverinitilization()[pri:0, instance:com.svm.testscript.LoginTest@302a07d]" started-at="2024-05-27T14:00:01 IST" name="driverinitilization" finished-at="2024-05-27T14:00:07 IST" duration-ms="5735" status="PASS">
          <reporter-output>
          </reporter-output>
        </test-method> <!-- driverinitilization -->
        <test-method signature="VerifyLogoimageavailabilityonLoginPage()[pri:0, instance:com.svm.testscript.LoginTest@302a07d]" started-at="2024-05-27T14:00:07 IST" name="VerifyLogoimageavailabilityonLoginPage" finished-at="2024-05-27T14:00:07 IST" duration-ms="34" status="PASS">
          <reporter-output>
          </reporter-output>
        </test-method> <!-- VerifyLogoimageavailabilityonLoginPage -->
        <test-method is-config="true" signature="driverclose()[pri:0, instance:com.svm.testscript.LoginTest@302a07d]" started-at="2024-05-27T14:00:07 IST" name="driverclose" finished-at="2024-05-27T14:00:08 IST" duration-ms="319" status="PASS">
          <reporter-output>
          </reporter-output>
        </test-method> <!-- driverclose -->
        <test-method is-config="true" signature="driverinitilization()[pri:0, instance:com.svm.testscript.LoginTest@302a07d]" started-at="2024-05-27T14:00:08 IST" name="driverinitilization" finished-at="2024-05-27T14:00:13 IST" duration-ms="5681" status="PASS">
          <reporter-output>
          </reporter-output>
        </test-method> <!-- driverinitilization -->
        <test-method signature="VerifyvalidationmessagewithinvalidusernameandPassword()[pri:0, instance:com.svm.testscript.LoginTest@302a07d]" started-at="2024-05-27T14:00:13 IST" name="VerifyvalidationmessagewithinvalidusernameandPassword" finished-at="2024-05-27T14:00:15 IST" duration-ms="1532" status="PASS">
          <reporter-output>
          </reporter-output>
        </test-method> <!-- VerifyvalidationmessagewithinvalidusernameandPassword -->
        <test-method is-config="true" signature="driverclose()[pri:0, instance:com.svm.testscript.LoginTest@302a07d]" started-at="2024-05-27T14:00:15 IST" name="driverclose" finished-at="2024-05-27T14:00:15 IST" duration-ms="311" status="PASS">
          <reporter-output>
          </reporter-output>
        </test-method> <!-- driverclose -->
        <test-method is-config="true" signature="SendEmail()[pri:0, instance:com.svm.testscript.LoginTest@302a07d]" started-at="2024-05-27T14:00:15 IST" name="SendEmail" finished-at="2024-05-27T14:00:15 IST" duration-ms="0" status="PASS">
          <reporter-output>
          </reporter-output>
        </test-method> <!-- SendEmail -->
      </class> <!-- com.svm.testscript.LoginTest -->
    </test> <!-- Test -->
  </suite> <!-- Suite -->
</testng-results>
